<?xml version="1.0" encoding="UTF-8"?>
<!-- Generated by org.testng.reporters.JUnitReportReporter -->
<testsuite skipped="0" hostname="Priya-PC" name="com.edureka.testng.Annotaiontestng" tests="1" failures="0" timestamp="05 Nov 2019 13:01:50 GMT" time="0.014" errors="0">
  <testcase name="TestMethod" time="0.014" classname="com.edureka.testng.Annotaiontestng"/>
</testsuite> <!-- com.edureka.testng.Annotaiontestng -->
