<?xml version="1.0" encoding="UTF-8"?>
<!-- Generated by org.testng.reporters.JUnitReportReporter -->
<testsuite skipped="0" hostname="Priya-PC" name="com.edureka.testng.Demo" tests="1" failures="0" timestamp="05 Nov 2019 12:23:52 GMT" time="0.016" errors="0">
  <testcase name="demoMethod" time="0.016" classname="com.edureka.testng.Demo"/>
</testsuite> <!-- com.edureka.testng.Demo -->
