<?xml version="1.0" encoding="UTF-8"?>
<!-- Generated by org.testng.reporters.JUnitReportReporter -->
<testsuite skipped="0" hostname="Priya-PC" name="com.edureka.testng.ActTime" tests="7" failures="0" timestamp="05 Nov 2019 13:24:13 GMT" time="0.059" errors="0">
  <testcase name="delete_user" time="0.037" classname="com.edureka.testng.ActTime"/>
  <testcase name="create_user" time="0.003" classname="com.edureka.testng.ActTime"/>
  <testcase name="edit_user" time="0.003" classname="com.edureka.testng.ActTime"/>
  <testcase name="edit_user" time="0.001" classname="com.edureka.testng.ActTime"/>
  <testcase name="edit_user" time="0.005" classname="com.edureka.testng.ActTime"/>
  <testcase name="edit_user" time="0.006" classname="com.edureka.testng.ActTime"/>
  <testcase name="edit_user" time="0.004" classname="com.edureka.testng.ActTime"/>
</testsuite> <!-- com.edureka.testng.ActTime -->
