<?xml version="1.0" encoding="UTF-8"?>
<!-- Generated by org.testng.reporters.JUnitReportReporter -->
<testsuite skipped="0" hostname="Priya-PC" name="com.edureka.testng.dataprovider" tests="1" failures="0" timestamp="05 Nov 2019 14:51:05 GMT" time="73.302" errors="0">
  <testcase name="login" time="73.302" classname="com.edureka.testng.dataprovider"/>
</testsuite> <!-- com.edureka.testng.dataprovider -->
